2024-02-09 12:50:23.143 [main] INFO  api.test.userTests - ************Creating  User********************
2024-02-09 12:50:26.670 [main] INFO  api.test.userTests - ************Creating  Created********************
2024-02-09 12:50:26.713 [main] INFO  api.test.userTests - ************Getting User Details********************
2024-02-09 12:50:27.982 [main] INFO  api.test.userTests - ************User Details Retrieved********************
2024-02-09 12:50:27.992 [main] INFO  api.test.userTests - ************Updating User Details********************
2024-02-09 12:50:29.287 [main] INFO  api.test.userTests - ************User Details Updated********************
2024-02-09 12:50:29.332 [main] INFO  api.test.userTests - ************Deleting User Details********************
2024-02-09 12:50:30.590 [main] INFO  api.test.userTests - ************User Details Deleted********************
2024-02-09 12:52:52.447 [main] INFO  api.test.userTests - ************Creating  User********************
2024-02-09 12:52:56.589 [main] INFO  api.test.userTests - ************Creating  Created********************
2024-02-09 12:52:56.658 [main] INFO  api.test.userTests - ************Getting User Details********************
2024-02-09 12:52:57.988 [main] INFO  api.test.userTests - ************User Details Retrieved********************
2024-02-09 12:52:58.001 [main] INFO  api.test.userTests - ************Updating User Details********************
2024-02-09 12:52:59.291 [main] INFO  api.test.userTests - ************User Details Updated********************
2024-02-09 12:52:59.301 [main] INFO  api.test.userTests - ************Deleting User Details********************
2024-02-09 12:53:00.580 [main] INFO  api.test.userTests - ************User Details Deleted********************
2024-02-09 14:23:17.679 [main] INFO  api.test.userTests2 - ************Creating  User********************
2024-02-09 14:23:22.511 [main] INFO  api.test.userTests2 - ************Creating  Created********************
2024-02-09 14:23:22.537 [main] INFO  api.test.userTests2 - ************Getting User Details********************
2024-02-09 14:23:23.891 [main] INFO  api.test.userTests2 - ************User Details Retrieved********************
2024-02-09 14:23:23.897 [main] INFO  api.test.userTests2 - ************Updating User Details********************
2024-02-09 14:23:25.251 [main] INFO  api.test.userTests2 - ************User Details Updated********************
2024-02-09 14:23:25.261 [main] INFO  api.test.userTests2 - ************Deleting User Details********************
2024-02-09 14:23:27.682 [main] INFO  api.test.userTests2 - ************User Details Deleted********************
2024-02-09 15:13:52.171 [main] INFO  api.test.userTests2 - ************Creating  User********************
2024-02-09 15:13:57.022 [main] INFO  api.test.userTests2 - ************Creating  Created********************
2024-02-09 15:13:57.068 [main] INFO  api.test.userTests2 - ************Getting User Details********************
2024-02-09 15:13:58.559 [main] INFO  api.test.userTests2 - ************User Details Retrieved********************
2024-02-09 15:13:58.564 [main] INFO  api.test.userTests2 - ************Updating User Details********************
2024-02-09 15:14:00.611 [main] INFO  api.test.userTests2 - ************User Details Updated********************
2024-02-09 15:14:00.615 [main] INFO  api.test.userTests2 - ************Deleting User Details********************
2024-02-09 15:14:02.020 [main] INFO  api.test.userTests2 - ************User Details Deleted********************
